

Started GET "/" for ::1 at 2015-09-02 17:12:53 -0700

ActiveRecord::PendingMigrationError - 

Migrations are pending. To resolve this issue, run:

	bin/rake db:migrate RAILS_ENV=development

:
  activerecord (4.2.4) lib/active_record/migration.rb:392:in `check_pending!'
  activerecord (4.2.4) lib/active_record/migration.rb:373:in `call'
  actionpack (4.2.4) lib/action_dispatch/middleware/callbacks.rb:29:in `block in call'
  activesupport (4.2.4) lib/active_support/callbacks.rb:88:in `__run_callbacks__'
  activesupport (4.2.4) lib/active_support/callbacks.rb:778:in `_run_call_callbacks'
  activesupport (4.2.4) lib/active_support/callbacks.rb:81:in `run_callbacks'
  actionpack (4.2.4) lib/action_dispatch/middleware/callbacks.rb:27:in `call'
  actionpack (4.2.4) lib/action_dispatch/middleware/reloader.rb:73:in `call'
  actionpack (4.2.4) lib/action_dispatch/middleware/remote_ip.rb:78:in `call'
  better_errors (2.1.1) lib/better_errors/middleware.rb:84:in `protected_app_call'
  better_errors (2.1.1) lib/better_errors/middleware.rb:79:in `better_errors_call'
  better_errors (2.1.1) lib/better_errors/middleware.rb:57:in `call'
  actionpack (4.2.4) lib/action_dispatch/middleware/debug_exceptions.rb:17:in `call'
  actionpack (4.2.4) lib/action_dispatch/middleware/show_exceptions.rb:30:in `call'
  railties (4.2.4) lib/rails/rack/logger.rb:38:in `call_app'
  railties (4.2.4) lib/rails/rack/logger.rb:20:in `block in call'
  activesupport (4.2.4) lib/active_support/tagged_logging.rb:68:in `block in tagged'
  activesupport (4.2.4) lib/active_support/tagged_logging.rb:26:in `tagged'
  activesupport (4.2.4) lib/active_support/tagged_logging.rb:68:in `tagged'
  railties (4.2.4) lib/rails/rack/logger.rb:20:in `call'
  actionpack (4.2.4) lib/action_dispatch/middleware/request_id.rb:21:in `call'
   () Users/californiadog/.rvm/gems/ruby-2.2.1@global/gems/rack-1.6.4/lib/rack/methodoverride.rb:22:in `call'
   () Users/californiadog/.rvm/gems/ruby-2.2.1@global/gems/rack-1.6.4/lib/rack/runtime.rb:18:in `call'
  activesupport (4.2.4) lib/active_support/cache/strategy/local_cache_middleware.rb:28:in `call'
   () Users/californiadog/.rvm/gems/ruby-2.2.1@global/gems/rack-1.6.4/lib/rack/lock.rb:17:in `call'
  actionpack (4.2.4) lib/action_dispatch/middleware/static.rb:116:in `call'
   () Users/californiadog/.rvm/gems/ruby-2.2.1@global/gems/rack-1.6.4/lib/rack/sendfile.rb:113:in `call'
  railties (4.2.4) lib/rails/engine.rb:518:in `call'
  railties (4.2.4) lib/rails/application.rb:165:in `call'
   () Users/californiadog/.rvm/gems/ruby-2.2.1@global/gems/rack-1.6.4/lib/rack/lock.rb:17:in `call'
   () Users/californiadog/.rvm/gems/ruby-2.2.1@global/gems/rack-1.6.4/lib/rack/content_length.rb:15:in `call'
   () Users/californiadog/.rvm/gems/ruby-2.2.1@global/gems/rack-1.6.4/lib/rack/handler/webrick.rb:88:in `service'
  /Users/californiadog/.rvm/rubies/ruby-2.2.1/lib/ruby/2.2.0/webrick/httpserver.rb:138:in `service'
  /Users/californiadog/.rvm/rubies/ruby-2.2.1/lib/ruby/2.2.0/webrick/httpserver.rb:94:in `run'
  /Users/californiadog/.rvm/rubies/ruby-2.2.1/lib/ruby/2.2.0/webrick/server.rb:294:in `block in start_thread'



Started POST "/__better_errors/4caa69d2f071d267/variables" for ::1 at 2015-09-02 17:12:54 -0700


Started GET "/" for ::1 at 2015-09-02 17:13:06 -0700

ActiveRecord::PendingMigrationError - 

Migrations are pending. To resolve this issue, run:

	bin/rake db:migrate RAILS_ENV=development

:
  activerecord (4.2.4) lib/active_record/migration.rb:392:in `check_pending!'
  activerecord (4.2.4) lib/active_record/migration.rb:373:in `call'
  actionpack (4.2.4) lib/action_dispatch/middleware/callbacks.rb:29:in `block in call'
  activesupport (4.2.4) lib/active_support/callbacks.rb:88:in `__run_callbacks__'
  activesupport (4.2.4) lib/active_support/callbacks.rb:778:in `_run_call_callbacks'
  activesupport (4.2.4) lib/active_support/callbacks.rb:81:in `run_callbacks'
  actionpack (4.2.4) lib/action_dispatch/middleware/callbacks.rb:27:in `call'
  actionpack (4.2.4) lib/action_dispatch/middleware/reloader.rb:73:in `call'
  actionpack (4.2.4) lib/action_dispatch/middleware/remote_ip.rb:78:in `call'
  better_errors (2.1.1) lib/better_errors/middleware.rb:84:in `protected_app_call'
  better_errors (2.1.1) lib/better_errors/middleware.rb:79:in `better_errors_call'
  better_errors (2.1.1) lib/better_errors/middleware.rb:57:in `call'
  actionpack (4.2.4) lib/action_dispatch/middleware/debug_exceptions.rb:17:in `call'
  actionpack (4.2.4) lib/action_dispatch/middleware/show_exceptions.rb:30:in `call'
  railties (4.2.4) lib/rails/rack/logger.rb:38:in `call_app'
  railties (4.2.4) lib/rails/rack/logger.rb:20:in `block in call'
  activesupport (4.2.4) lib/active_support/tagged_logging.rb:68:in `block in tagged'
  activesupport (4.2.4) lib/active_support/tagged_logging.rb:26:in `tagged'
  activesupport (4.2.4) lib/active_support/tagged_logging.rb:68:in `tagged'
  railties (4.2.4) lib/rails/rack/logger.rb:20:in `call'
  actionpack (4.2.4) lib/action_dispatch/middleware/request_id.rb:21:in `call'
   () Users/californiadog/.rvm/gems/ruby-2.2.1@global/gems/rack-1.6.4/lib/rack/methodoverride.rb:22:in `call'
   () Users/californiadog/.rvm/gems/ruby-2.2.1@global/gems/rack-1.6.4/lib/rack/runtime.rb:18:in `call'
  activesupport (4.2.4) lib/active_support/cache/strategy/local_cache_middleware.rb:28:in `call'
   () Users/californiadog/.rvm/gems/ruby-2.2.1@global/gems/rack-1.6.4/lib/rack/lock.rb:17:in `call'
  actionpack (4.2.4) lib/action_dispatch/middleware/static.rb:116:in `call'
   () Users/californiadog/.rvm/gems/ruby-2.2.1@global/gems/rack-1.6.4/lib/rack/sendfile.rb:113:in `call'
  railties (4.2.4) lib/rails/engine.rb:518:in `call'
  railties (4.2.4) lib/rails/application.rb:165:in `call'
   () Users/californiadog/.rvm/gems/ruby-2.2.1@global/gems/rack-1.6.4/lib/rack/lock.rb:17:in `call'
   () Users/californiadog/.rvm/gems/ruby-2.2.1@global/gems/rack-1.6.4/lib/rack/content_length.rb:15:in `call'
   () Users/californiadog/.rvm/gems/ruby-2.2.1@global/gems/rack-1.6.4/lib/rack/handler/webrick.rb:88:in `service'
  /Users/californiadog/.rvm/rubies/ruby-2.2.1/lib/ruby/2.2.0/webrick/httpserver.rb:138:in `service'
  /Users/californiadog/.rvm/rubies/ruby-2.2.1/lib/ruby/2.2.0/webrick/httpserver.rb:94:in `run'
  /Users/californiadog/.rvm/rubies/ruby-2.2.1/lib/ruby/2.2.0/webrick/server.rb:294:in `block in start_thread'



Started POST "/__better_errors/dc5af16728af6e87/variables" for ::1 at 2015-09-02 17:13:06 -0700
  [1m[36m (1.6ms)[0m  [1mCREATE TABLE "schema_migrations" ("version" varchar NOT NULL) [0m
  [1m[35m (0.7ms)[0m  select sqlite_version(*)
  [1m[36m (1.7ms)[0m  [1mCREATE UNIQUE INDEX "unique_schema_migrations" ON "schema_migrations" ("version")[0m
  [1m[35mActiveRecord::SchemaMigration Load (0.5ms)[0m  SELECT "schema_migrations".* FROM "schema_migrations"
Migrating to CreateAnimals (20150903001218)
  [1m[36m (0.1ms)[0m  [1mbegin transaction[0m
  [1m[35m (1.3ms)[0m  CREATE TABLE "animals" ("id" INTEGER PRIMARY KEY AUTOINCREMENT NOT NULL, "name" varchar, "animal_type" varchar, "age" varchar, "available" boolean, "blood_type" varchar, "size" varchar, "created_at" datetime NOT NULL, "updated_at" datetime NOT NULL) 
  [1m[36mSQL (0.3ms)[0m  [1mINSERT INTO "schema_migrations" ("version") VALUES (?)[0m  [["version", "20150903001218"]]
  [1m[35m (1.0ms)[0m  commit transaction
  [1m[36mActiveRecord::SchemaMigration Load (0.7ms)[0m  [1mSELECT "schema_migrations".* FROM "schema_migrations"[0m


Started GET "/" for ::1 at 2015-09-02 17:13:22 -0700
  [1m[36mActiveRecord::SchemaMigration Load (0.2ms)[0m  [1mSELECT "schema_migrations".* FROM "schema_migrations"[0m
Processing by Rails::WelcomeController#index as HTML
  Rendered /Users/californiadog/.rvm/gems/ruby-2.2.1/gems/railties-4.2.4/lib/rails/templates/rails/welcome/index.html.erb (2.2ms)
Completed 200 OK in 25ms (Views: 12.7ms | ActiveRecord: 0.0ms)


Started GET "/routes" for ::1 at 2015-09-02 17:13:35 -0700

ActionController::RoutingError (No route matches [GET] "/routes"):
  actionpack (4.2.4) lib/action_dispatch/middleware/debug_exceptions.rb:21:in `call'
  actionpack (4.2.4) lib/action_dispatch/middleware/show_exceptions.rb:30:in `call'
  railties (4.2.4) lib/rails/rack/logger.rb:38:in `call_app'
  railties (4.2.4) lib/rails/rack/logger.rb:20:in `block in call'
  activesupport (4.2.4) lib/active_support/tagged_logging.rb:68:in `block in tagged'
  activesupport (4.2.4) lib/active_support/tagged_logging.rb:26:in `tagged'
  activesupport (4.2.4) lib/active_support/tagged_logging.rb:68:in `tagged'
  railties (4.2.4) lib/rails/rack/logger.rb:20:in `call'
  actionpack (4.2.4) lib/action_dispatch/middleware/request_id.rb:21:in `call'
  rack (1.6.4) lib/rack/methodoverride.rb:22:in `call'
  rack (1.6.4) lib/rack/runtime.rb:18:in `call'
  activesupport (4.2.4) lib/active_support/cache/strategy/local_cache_middleware.rb:28:in `call'
  rack (1.6.4) lib/rack/lock.rb:17:in `call'
  actionpack (4.2.4) lib/action_dispatch/middleware/static.rb:116:in `call'
  rack (1.6.4) lib/rack/sendfile.rb:113:in `call'
  railties (4.2.4) lib/rails/engine.rb:518:in `call'
  railties (4.2.4) lib/rails/application.rb:165:in `call'
  rack (1.6.4) lib/rack/lock.rb:17:in `call'
  rack (1.6.4) lib/rack/content_length.rb:15:in `call'
  rack (1.6.4) lib/rack/handler/webrick.rb:88:in `service'
  /Users/californiadog/.rvm/rubies/ruby-2.2.1/lib/ruby/2.2.0/webrick/httpserver.rb:138:in `service'
  /Users/californiadog/.rvm/rubies/ruby-2.2.1/lib/ruby/2.2.0/webrick/httpserver.rb:94:in `run'
  /Users/californiadog/.rvm/rubies/ruby-2.2.1/lib/ruby/2.2.0/webrick/server.rb:294:in `block in start_thread'


  Rendered /Users/californiadog/.rvm/gems/ruby-2.2.1/gems/actionpack-4.2.4/lib/action_dispatch/middleware/templates/rescues/_trace.html.erb (1.8ms)
  Rendered /Users/californiadog/.rvm/gems/ruby-2.2.1/gems/actionpack-4.2.4/lib/action_dispatch/middleware/templates/routes/_route.html.erb (1.0ms)
  Rendered /Users/californiadog/.rvm/gems/ruby-2.2.1/gems/actionpack-4.2.4/lib/action_dispatch/middleware/templates/routes/_table.html.erb (13.7ms)
  Rendered /Users/californiadog/.rvm/gems/ruby-2.2.1/gems/actionpack-4.2.4/lib/action_dispatch/middleware/templates/rescues/_request_and_response.html.erb (2.1ms)
  Rendered /Users/californiadog/.rvm/gems/ruby-2.2.1/gems/actionpack-4.2.4/lib/action_dispatch/middleware/templates/rescues/routing_error.html.erb within rescues/layout (110.8ms)


Started GET "/animals" for ::1 at 2015-09-02 17:14:05 -0700
Processing by AnimalsController#index as HTML
  [1m[35mAnimal Load (0.8ms)[0m  SELECT "animals".* FROM "animals"
  Rendered animals/index.html.erb within layouts/application (3.7ms)
Completed 200 OK in 1543ms (Views: 1539.0ms | ActiveRecord: 1.0ms)


Started GET "/assets/scaffolds.self-ef19f2b829bf5ab97291834312d539950e2c513572bc3abe8e95d9fa2bd6fa2e.css?body=1" for ::1 at 2015-09-02 17:14:07 -0700


Started GET "/assets/animals.self-e3b0c44298fc1c149afbf4c8996fb92427ae41e4649b934ca495991b7852b855.css?body=1" for ::1 at 2015-09-02 17:14:07 -0700


Started GET "/assets/jquery.self-a714331225dda820228db323939889f149aec0127aeb06255646b616ba1ca419.js?body=1" for ::1 at 2015-09-02 17:14:07 -0700


Started GET "/assets/application.self-e80e8f2318043e8af94dddc2adad5a4f09739a8ebb323b3ab31cd71d45fd9113.css?body=1" for ::1 at 2015-09-02 17:14:07 -0700


Started GET "/assets/turbolinks.self-c37727e9bd6b2735da5c311aa83fead54ed0be6cc8bd9a65309e9c5abe2cbfff.js?body=1" for ::1 at 2015-09-02 17:14:07 -0700


Started GET "/assets/jquery_ujs.self-d456baa54c1fa6be2ec3711f0a72ddf7a5b2f34a6b4f515f33767d6207b7d4b3.js?body=1" for ::1 at 2015-09-02 17:14:07 -0700


Started GET "/assets/animals.self-877aef30ae1b040ab8a3aba4e3e309a11d7f2612f44dde450b5c157aa5f95c05.js?body=1" for ::1 at 2015-09-02 17:14:07 -0700


Started GET "/assets/application.self-3b8dabdc891efe46b9a144b400ad69e37d7e5876bdc39dee783419a69d7ca819.js?body=1" for ::1 at 2015-09-02 17:14:07 -0700


Started GET "/animals/new" for ::1 at 2015-09-02 17:14:11 -0700
Processing by AnimalsController#new as HTML
  Rendered animals/_form.html.erb (26.7ms)
  Rendered animals/new.html.erb within layouts/application (31.6ms)
Completed 200 OK in 85ms (Views: 68.8ms | ActiveRecord: 0.3ms)


Started POST "/animals" for ::1 at 2015-09-02 17:14:53 -0700
Processing by AnimalsController#create as HTML
  Parameters: {"utf8"=>"✓", "authenticity_token"=>"YXyeegM+CKbu/IUWSANJffdD2b2vbeeTQfx+e+V1p2IJ2WHPLt85RXqq8sSQCuKzihg0/cYrRBl/loYElqM3TA==", "animal"=>{"name"=>"Snake", "animal_type"=>"Reptile", "age"=>"2", "available"=>"1", "blood_type"=>"Cold", "size"=>"Small"}, "commit"=>"Create Animal"}
  [1m[36m (0.2ms)[0m  [1mbegin transaction[0m
  [1m[35mSQL (1.1ms)[0m  INSERT INTO "animals" ("name", "animal_type", "age", "available", "blood_type", "size", "created_at", "updated_at") VALUES (?, ?, ?, ?, ?, ?, ?, ?)  [["name", "Snake"], ["animal_type", "Reptile"], ["age", "2"], ["available", "t"], ["blood_type", "Cold"], ["size", "Small"], ["created_at", "2015-09-03 00:14:53.916636"], ["updated_at", "2015-09-03 00:14:53.916636"]]
  [1m[36m (0.9ms)[0m  [1mcommit transaction[0m
Redirected to http://localhost:3000/animals/1
Completed 302 Found in 18ms (ActiveRecord: 2.2ms)


Started GET "/animals/1" for ::1 at 2015-09-02 17:14:53 -0700
Processing by AnimalsController#show as HTML
  Parameters: {"id"=>"1"}
  [1m[35mAnimal Load (0.3ms)[0m  SELECT  "animals".* FROM "animals" WHERE "animals"."id" = ? LIMIT 1  [["id", 1]]
  Rendered animals/show.html.erb within layouts/application (1.6ms)
Completed 200 OK in 81ms (Views: 68.6ms | ActiveRecord: 0.3ms)


Started GET "/animals" for ::1 at 2015-09-02 17:15:00 -0700
Processing by AnimalsController#index as HTML
  [1m[36mAnimal Load (0.4ms)[0m  [1mSELECT "animals".* FROM "animals"[0m
  Rendered animals/index.html.erb within layouts/application (3.7ms)
Completed 200 OK in 57ms (Views: 55.4ms | ActiveRecord: 0.4ms)


Started GET "/animals/new" for ::1 at 2015-09-02 17:15:03 -0700
Processing by AnimalsController#new as HTML
  Rendered animals/_form.html.erb (5.4ms)
  Rendered animals/new.html.erb within layouts/application (9.7ms)
Completed 200 OK in 74ms (Views: 73.3ms | ActiveRecord: 0.0ms)


Started POST "/animals" for ::1 at 2015-09-02 17:15:27 -0700
Processing by AnimalsController#create as HTML
  Parameters: {"utf8"=>"✓", "authenticity_token"=>"+SLgl1xJWtoSw5+OeOXfoBWaR5/8JsQdHR5wFI1sFXSRhx8icahrOYaV6Fyg7HRuaMGq35VgZ5cjdIhr/rqFWg==", "animal"=>{"name"=>"Cow", "animal_type"=>"Mammal", "age"=>"1", "available"=>"1", "blood_type"=>"Warm", "size"=>"Large"}, "commit"=>"Create Animal"}
  [1m[35m (0.2ms)[0m  begin transaction
  [1m[36mSQL (0.6ms)[0m  [1mINSERT INTO "animals" ("name", "animal_type", "age", "available", "blood_type", "size", "created_at", "updated_at") VALUES (?, ?, ?, ?, ?, ?, ?, ?)[0m  [["name", "Cow"], ["animal_type", "Mammal"], ["age", "1"], ["available", "t"], ["blood_type", "Warm"], ["size", "Large"], ["created_at", "2015-09-03 00:15:27.154962"], ["updated_at", "2015-09-03 00:15:27.154962"]]
  [1m[35m (0.9ms)[0m  commit transaction
Redirected to http://localhost:3000/animals/2
Completed 302 Found in 10ms (ActiveRecord: 1.7ms)


Started GET "/animals/2" for ::1 at 2015-09-02 17:15:27 -0700
Processing by AnimalsController#show as HTML
  Parameters: {"id"=>"2"}
  [1m[36mAnimal Load (0.2ms)[0m  [1mSELECT  "animals".* FROM "animals" WHERE "animals"."id" = ? LIMIT 1[0m  [["id", 2]]
  Rendered animals/show.html.erb within layouts/application (0.7ms)
Completed 200 OK in 103ms (Views: 100.9ms | ActiveRecord: 0.2ms)


Started GET "/animals" for ::1 at 2015-09-02 17:15:30 -0700
Processing by AnimalsController#index as HTML
  [1m[35mAnimal Load (0.4ms)[0m  SELECT "animals".* FROM "animals"
  Rendered animals/index.html.erb within layouts/application (3.3ms)
Completed 200 OK in 92ms (Views: 90.6ms | ActiveRecord: 0.4ms)


Started GET "/animals/new" for ::1 at 2015-09-02 17:15:31 -0700
Processing by AnimalsController#new as HTML
  Rendered animals/_form.html.erb (4.7ms)
  Rendered animals/new.html.erb within layouts/application (9.3ms)
Completed 200 OK in 59ms (Views: 58.1ms | ActiveRecord: 0.0ms)


Started POST "/animals" for ::1 at 2015-09-02 17:16:09 -0700
Processing by AnimalsController#create as HTML
  Parameters: {"utf8"=>"✓", "authenticity_token"=>"YuoKwou1WeQVKIvvvUwZsFClucdccBwmfJM7vUzNTAMKT/V3plRoB4F+/D1lRbJ+Lf5UhzU2v6xC+cPCPxvcLQ==", "animal"=>{"name"=>"Shark", "animal_type"=>"Fish", "age"=>"5", "available"=>"0", "blood_type"=>"Cold", "size"=>"Large"}, "commit"=>"Create Animal"}
  [1m[36m (0.1ms)[0m  [1mbegin transaction[0m
  [1m[35mSQL (0.3ms)[0m  INSERT INTO "animals" ("name", "animal_type", "age", "available", "blood_type", "size", "created_at", "updated_at") VALUES (?, ?, ?, ?, ?, ?, ?, ?)  [["name", "Shark"], ["animal_type", "Fish"], ["age", "5"], ["available", "f"], ["blood_type", "Cold"], ["size", "Large"], ["created_at", "2015-09-03 00:16:09.402218"], ["updated_at", "2015-09-03 00:16:09.402218"]]
  [1m[36m (0.7ms)[0m  [1mcommit transaction[0m
Redirected to http://localhost:3000/animals/3
Completed 302 Found in 5ms (ActiveRecord: 1.0ms)


Started GET "/animals/3" for ::1 at 2015-09-02 17:16:09 -0700
Processing by AnimalsController#show as HTML
  Parameters: {"id"=>"3"}
  [1m[35mAnimal Load (0.1ms)[0m  SELECT  "animals".* FROM "animals" WHERE "animals"."id" = ? LIMIT 1  [["id", 3]]
  Rendered animals/show.html.erb within layouts/application (0.6ms)
Completed 200 OK in 55ms (Views: 53.5ms | ActiveRecord: 0.1ms)


Started GET "/animals" for ::1 at 2015-09-02 17:16:11 -0700
Processing by AnimalsController#index as HTML
  [1m[36mAnimal Load (0.2ms)[0m  [1mSELECT "animals".* FROM "animals"[0m
  Rendered animals/index.html.erb within layouts/application (3.0ms)
Completed 200 OK in 52ms (Views: 51.1ms | ActiveRecord: 0.2ms)


Started GET "/animals/new" for ::1 at 2015-09-02 17:17:39 -0700
Processing by AnimalsController#new as HTML
  Rendered animals/_form.html.erb (22.7ms)
  Rendered animals/new.html.erb within layouts/application (28.0ms)
Completed 200 OK in 137ms (Views: 125.2ms | ActiveRecord: 0.0ms)


Started POST "/animals" for ::1 at 2015-09-02 17:17:59 -0700
Processing by AnimalsController#create as HTML
  Parameters: {"utf8"=>"✓", "authenticity_token"=>"pvt5+5nQNtbLCoJTgKA/Ch4oI79H8kjSzxjMYM8S257OXoZOtDEHNV9c9YFYqZTEY3PO/y6061jxcjQfvMRLsA==", "animal"=>{"name"=>"Mouse", "animal_type"=>"Mammal - Rodent", "age"=>"3", "available"=>"1", "blood_type"=>"Warm", "size"=>"Small"}, "commit"=>"Create Animal"}
  [1m[35m (1.1ms)[0m  begin transaction
  [1m[36mSQL (0.8ms)[0m  [1mINSERT INTO "animals" ("name", "animal_type", "age", "available", "blood_type", "size", "created_at", "updated_at") VALUES (?, ?, ?, ?, ?, ?, ?, ?)[0m  [["name", "Mouse"], ["animal_type", "Mammal - Rodent"], ["age", "3"], ["available", "t"], ["blood_type", "Warm"], ["size", "Small"], ["created_at", "2015-09-03 00:17:59.902615"], ["updated_at", "2015-09-03 00:17:59.902615"]]
  [1m[35m (1.0ms)[0m  commit transaction
Redirected to http://localhost:3000/animals/4
Completed 302 Found in 19ms (ActiveRecord: 2.9ms)


Started GET "/animals/4" for ::1 at 2015-09-02 17:17:59 -0700
Processing by AnimalsController#show as HTML
  Parameters: {"id"=>"4"}
  [1m[36mAnimal Load (0.1ms)[0m  [1mSELECT  "animals".* FROM "animals" WHERE "animals"."id" = ? LIMIT 1[0m  [["id", 4]]
  Rendered animals/show.html.erb within layouts/application (1.1ms)
Completed 200 OK in 67ms (Views: 63.8ms | ActiveRecord: 0.1ms)


Started GET "/animals" for ::1 at 2015-09-02 17:18:01 -0700
Processing by AnimalsController#index as HTML
  [1m[35mAnimal Load (0.2ms)[0m  SELECT "animals".* FROM "animals"
  Rendered animals/index.html.erb within layouts/application (3.2ms)
Completed 200 OK in 87ms (Views: 85.7ms | ActiveRecord: 0.2ms)


Started GET "/animals/new" for ::1 at 2015-09-02 17:18:32 -0700
Processing by AnimalsController#new as HTML
  Rendered animals/_form.html.erb (4.1ms)
  Rendered animals/new.html.erb within layouts/application (6.6ms)
Completed 200 OK in 70ms (Views: 69.4ms | ActiveRecord: 0.0ms)


Started POST "/animals" for ::1 at 2015-09-02 17:18:59 -0700
Processing by AnimalsController#create as HTML
  Parameters: {"utf8"=>"✓", "authenticity_token"=>"pKSYmEl7AKz7atnI4lnBRGegVha73IB8FUVFdtC+hMzMAWctZJoxT288rho6UGqKGvu7VtKaI/YrL70Jo2gU4g==", "animal"=>{"name"=>"Dog", "animal_type"=>"Mammal - Canine", "age"=>"5", "available"=>"1", "blood_type"=>"Warm", "size"=>"Medium"}, "commit"=>"Create Animal"}
  [1m[36m (0.1ms)[0m  [1mbegin transaction[0m
  [1m[35mSQL (0.3ms)[0m  INSERT INTO "animals" ("name", "animal_type", "age", "available", "blood_type", "size", "created_at", "updated_at") VALUES (?, ?, ?, ?, ?, ?, ?, ?)  [["name", "Dog"], ["animal_type", "Mammal - Canine"], ["age", "5"], ["available", "t"], ["blood_type", "Warm"], ["size", "Medium"], ["created_at", "2015-09-03 00:18:59.271331"], ["updated_at", "2015-09-03 00:18:59.271331"]]
  [1m[36m (0.9ms)[0m  [1mcommit transaction[0m
Redirected to http://localhost:3000/animals/5
Completed 302 Found in 6ms (ActiveRecord: 1.3ms)


Started GET "/animals/5" for ::1 at 2015-09-02 17:18:59 -0700
Processing by AnimalsController#show as HTML
  Parameters: {"id"=>"5"}
  [1m[35mAnimal Load (0.1ms)[0m  SELECT  "animals".* FROM "animals" WHERE "animals"."id" = ? LIMIT 1  [["id", 5]]
  Rendered animals/show.html.erb within layouts/application (0.5ms)
Completed 200 OK in 57ms (Views: 55.8ms | ActiveRecord: 0.1ms)


Started GET "/animals" for ::1 at 2015-09-02 17:19:01 -0700
Processing by AnimalsController#index as HTML
  [1m[36mAnimal Load (0.3ms)[0m  [1mSELECT "animals".* FROM "animals"[0m
  Rendered animals/index.html.erb within layouts/application (3.9ms)
Completed 200 OK in 45ms (Views: 44.1ms | ActiveRecord: 0.3ms)


Started GET "/animals/3/edit" for ::1 at 2015-09-02 17:19:06 -0700
Processing by AnimalsController#edit as HTML
  Parameters: {"id"=>"3"}
  [1m[35mAnimal Load (0.1ms)[0m  SELECT  "animals".* FROM "animals" WHERE "animals"."id" = ? LIMIT 1  [["id", 3]]
  Rendered animals/_form.html.erb (3.9ms)
  Rendered animals/edit.html.erb within layouts/application (8.5ms)
Completed 200 OK in 63ms (Views: 61.3ms | ActiveRecord: 0.1ms)


Started PATCH "/animals/3" for ::1 at 2015-09-02 17:19:10 -0700
Processing by AnimalsController#update as HTML
  Parameters: {"utf8"=>"✓", "authenticity_token"=>"NoxNyi62DTfkbTllw6+rOSFoldnvemXkrJOLQ6AGBvteKbJ/A1c81HA7TrcbpgD3XDN4mYY8xm6S+XM809CW1Q==", "animal"=>{"name"=>"Shark", "animal_type"=>"Fish", "age"=>"5", "available"=>"0", "blood_type"=>"Cold", "size"=>"X-Large"}, "commit"=>"Update Animal", "id"=>"3"}
  [1m[36mAnimal Load (0.2ms)[0m  [1mSELECT  "animals".* FROM "animals" WHERE "animals"."id" = ? LIMIT 1[0m  [["id", 3]]
  [1m[35m (0.1ms)[0m  begin transaction
  [1m[36mSQL (0.6ms)[0m  [1mUPDATE "animals" SET "size" = ?, "updated_at" = ? WHERE "animals"."id" = ?[0m  [["size", "X-Large"], ["updated_at", "2015-09-03 00:19:10.621069"], ["id", 3]]
  [1m[35m (1.0ms)[0m  commit transaction
Redirected to http://localhost:3000/animals/3
Completed 302 Found in 17ms (ActiveRecord: 1.9ms)


Started GET "/animals/3" for ::1 at 2015-09-02 17:19:10 -0700
Processing by AnimalsController#show as HTML
  Parameters: {"id"=>"3"}
  [1m[36mAnimal Load (0.2ms)[0m  [1mSELECT  "animals".* FROM "animals" WHERE "animals"."id" = ? LIMIT 1[0m  [["id", 3]]
  Rendered animals/show.html.erb within layouts/application (0.6ms)
Completed 200 OK in 46ms (Views: 44.2ms | ActiveRecord: 0.2ms)


Started GET "/animals" for ::1 at 2015-09-02 17:19:12 -0700
Processing by AnimalsController#index as HTML
  [1m[35mAnimal Load (0.2ms)[0m  SELECT "animals".* FROM "animals"
  Rendered animals/index.html.erb within layouts/application (2.5ms)
Completed 200 OK in 54ms (Views: 53.4ms | ActiveRecord: 0.2ms)


Started GET "/animals/new" for ::1 at 2015-09-02 17:19:56 -0700
Processing by AnimalsController#new as HTML
  Rendered animals/_form.html.erb (7.1ms)
  Rendered animals/new.html.erb within layouts/application (10.6ms)
Completed 200 OK in 94ms (Views: 92.0ms | ActiveRecord: 0.0ms)


Started POST "/animals" for ::1 at 2015-09-02 17:20:18 -0700
Processing by AnimalsController#create as HTML
  Parameters: {"utf8"=>"✓", "authenticity_token"=>"fZPZQAU5wTSgTHP8PquznINRlB7LG5xjPCSitRZnmi4VNib1KNjw1zQaBC7mohhS/gp5XqJdP+kCTlrKZbEKAA==", "animal"=>{"name"=>"Falcon", "animal_type"=>"Bird", "age"=>"7", "available"=>"1", "blood_type"=>"Warm", "size"=>"Small"}, "commit"=>"Create Animal"}
  [1m[36m (0.1ms)[0m  [1mbegin transaction[0m
  [1m[35mSQL (0.6ms)[0m  INSERT INTO "animals" ("name", "animal_type", "age", "available", "blood_type", "size", "created_at", "updated_at") VALUES (?, ?, ?, ?, ?, ?, ?, ?)  [["name", "Falcon"], ["animal_type", "Bird"], ["age", "7"], ["available", "t"], ["blood_type", "Warm"], ["size", "Small"], ["created_at", "2015-09-03 00:20:18.580330"], ["updated_at", "2015-09-03 00:20:18.580330"]]
  [1m[36m (0.8ms)[0m  [1mcommit transaction[0m
Redirected to http://localhost:3000/animals/6
Completed 302 Found in 11ms (ActiveRecord: 1.6ms)


Started GET "/animals/6" for ::1 at 2015-09-02 17:20:18 -0700
Processing by AnimalsController#show as HTML
  Parameters: {"id"=>"6"}
  [1m[35mAnimal Load (0.2ms)[0m  SELECT  "animals".* FROM "animals" WHERE "animals"."id" = ? LIMIT 1  [["id", 6]]
  Rendered animals/show.html.erb within layouts/application (0.5ms)
Completed 200 OK in 57ms (Views: 55.6ms | ActiveRecord: 0.2ms)


Started GET "/animals" for ::1 at 2015-09-02 17:20:20 -0700
Processing by AnimalsController#index as HTML
  [1m[36mAnimal Load (0.3ms)[0m  [1mSELECT "animals".* FROM "animals"[0m
  Rendered animals/index.html.erb within layouts/application (4.3ms)
Completed 200 OK in 52ms (Views: 51.0ms | ActiveRecord: 0.3ms)


Started GET "/animals/new" for ::1 at 2015-09-02 17:20:57 -0700
Processing by AnimalsController#new as HTML
  Rendered animals/_form.html.erb (6.6ms)
  Rendered animals/new.html.erb within layouts/application (10.1ms)
Completed 200 OK in 70ms (Views: 68.7ms | ActiveRecord: 0.0ms)


Started POST "/animals" for ::1 at 2015-09-02 17:21:26 -0700
Processing by AnimalsController#create as HTML
  Parameters: {"utf8"=>"✓", "authenticity_token"=>"9zv4TiNRw8041fF78QHqKpiJZXY8WApZuYl8MxJVl8yfngf7DrDyLqyDhqkpCEHk5dKINlUeqdOH44RMYYMH4g==", "animal"=>{"name"=>"Frog", "animal_type"=>"Amphibian", "age"=>"1", "available"=>"1", "blood_type"=>"Cold", "size"=>"Small"}, "commit"=>"Create Animal"}
  [1m[35m (0.1ms)[0m  begin transaction
  [1m[36mSQL (0.3ms)[0m  [1mINSERT INTO "animals" ("name", "animal_type", "age", "available", "blood_type", "size", "created_at", "updated_at") VALUES (?, ?, ?, ?, ?, ?, ?, ?)[0m  [["name", "Frog"], ["animal_type", "Amphibian"], ["age", "1"], ["available", "t"], ["blood_type", "Cold"], ["size", "Small"], ["created_at", "2015-09-03 00:21:26.999371"], ["updated_at", "2015-09-03 00:21:26.999371"]]
  [1m[35m (1.0ms)[0m  commit transaction
Redirected to http://localhost:3000/animals/7
Completed 302 Found in 9ms (ActiveRecord: 1.4ms)


Started GET "/animals/7" for ::1 at 2015-09-02 17:21:27 -0700
Processing by AnimalsController#show as HTML
  Parameters: {"id"=>"7"}
  [1m[36mAnimal Load (0.1ms)[0m  [1mSELECT  "animals".* FROM "animals" WHERE "animals"."id" = ? LIMIT 1[0m  [["id", 7]]
  Rendered animals/show.html.erb within layouts/application (0.6ms)
Completed 200 OK in 84ms (Views: 82.1ms | ActiveRecord: 0.1ms)


Started GET "/animals" for ::1 at 2015-09-02 17:21:28 -0700
Processing by AnimalsController#index as HTML
  [1m[35mAnimal Load (0.3ms)[0m  SELECT "animals".* FROM "animals"
  Rendered animals/index.html.erb within layouts/application (4.7ms)
Completed 200 OK in 89ms (Views: 87.8ms | ActiveRecord: 0.3ms)


Started GET "/animals/new" for ::1 at 2015-09-02 17:21:48 -0700
Processing by AnimalsController#new as HTML
  Rendered animals/_form.html.erb (3.7ms)
  Rendered animals/new.html.erb within layouts/application (6.7ms)
Completed 200 OK in 41ms (Views: 40.2ms | ActiveRecord: 0.0ms)


Started POST "/animals" for ::1 at 2015-09-02 17:22:45 -0700
Processing by AnimalsController#create as HTML
  Parameters: {"utf8"=>"✓", "authenticity_token"=>"MbOgDin+yNXTDzr4AUtyDW96KSMns6H8V6Jh+BhUKD1ZFl+7BB/5NkdZTSrZQtnDEiHEY071AnZpyJmHa4K4Ew==", "animal"=>{"name"=>"Lady Bug", "animal_type"=>"Insect", "age"=>"1", "available"=>"1", "blood_type"=>"Cold", "size"=>"X-Small"}, "commit"=>"Create Animal"}
  [1m[36m (0.8ms)[0m  [1mbegin transaction[0m
  [1m[35mSQL (0.5ms)[0m  INSERT INTO "animals" ("name", "animal_type", "age", "available", "blood_type", "size", "created_at", "updated_at") VALUES (?, ?, ?, ?, ?, ?, ?, ?)  [["name", "Lady Bug"], ["animal_type", "Insect"], ["age", "1"], ["available", "t"], ["blood_type", "Cold"], ["size", "X-Small"], ["created_at", "2015-09-03 00:22:45.379778"], ["updated_at", "2015-09-03 00:22:45.379778"]]
  [1m[36m (0.9ms)[0m  [1mcommit transaction[0m
Redirected to http://localhost:3000/animals/8
Completed 302 Found in 34ms (ActiveRecord: 2.1ms)


Started GET "/animals/8" for ::1 at 2015-09-02 17:22:45 -0700
Processing by AnimalsController#show as HTML
  Parameters: {"id"=>"8"}
  [1m[35mAnimal Load (0.2ms)[0m  SELECT  "animals".* FROM "animals" WHERE "animals"."id" = ? LIMIT 1  [["id", 8]]
  Rendered animals/show.html.erb within layouts/application (2.9ms)
Completed 200 OK in 86ms (Views: 83.2ms | ActiveRecord: 0.2ms)


Started GET "/animals" for ::1 at 2015-09-02 17:22:47 -0700
Processing by AnimalsController#index as HTML
  [1m[36mAnimal Load (0.2ms)[0m  [1mSELECT "animals".* FROM "animals"[0m
  Rendered animals/index.html.erb within layouts/application (5.3ms)
Completed 200 OK in 54ms (Views: 52.8ms | ActiveRecord: 0.2ms)


Started GET "/animals/1" for ::1 at 2015-09-02 17:24:31 -0700
Processing by AnimalsController#show as HTML
  Parameters: {"id"=>"1"}
  [1m[35mAnimal Load (0.2ms)[0m  SELECT  "animals".* FROM "animals" WHERE "animals"."id" = ? LIMIT 1  [["id", 1]]
  Rendered animals/show.html.erb within layouts/application (1.2ms)
Completed 200 OK in 79ms (Views: 76.4ms | ActiveRecord: 0.2ms)
